TN:
SF:src/models/blogsModal.ts
FNF:0
FNH:0
DA:1,1
DA:13,1
DA:39,1
DA:40,1
LF:4
LH:4
BRF:0
BRH:0
end_of_record
TN:
SF:src/models/commentModal.ts
FNF:0
FNH:0
DA:1,1
DA:13,1
DA:34,1
DA:36,1
LF:4
LH:4
BRF:0
BRH:0
end_of_record
TN:
SF:src/models/messageModal.ts
FNF:0
FNH:0
DA:1,1
DA:12,1
DA:34,1
DA:36,1
LF:4
LH:4
BRF:0
BRH:0
end_of_record
TN:
SF:src/routes/blogsRoute.ts
FNF:0
FNH:0
DA:1,1
DA:2,1
DA:3,1
DA:4,1
DA:5,1
DA:7,1
DA:9,1
DA:17,1
DA:18,1
DA:19,1
DA:26,1
DA:32,1
DA:33,1
DA:35,1
LF:14
LH:14
BRF:0
BRH:0
end_of_record
TN:
SF:src/routes/messageRoute.ts
FNF:0
FNH:0
DA:1,1
DA:2,1
DA:3,1
DA:4,1
DA:6,1
DA:7,1
DA:8,1
DA:9,1
DA:10,1
DA:11,1
LF:10
LH:10
BRF:0
BRH:0
end_of_record
TN:
SF:src/routes/useRouter.ts
FNF:0
FNH:0
DA:1,1
DA:2,1
DA:3,1
DA:5,1
DA:7,1
DA:8,1
DA:9,1
DA:10,1
DA:12,1
DA:19,1
DA:33,1
LF:11
LH:11
BRF:0
BRH:0
end_of_record
TN:
SF:src/tests/auth.spec.ts
FN:9,(anonymous_1)
FN:10,(anonymous_2)
FN:20,(anonymous_3)
FN:21,(anonymous_4)
FN:26,(anonymous_5)
FN:39,(anonymous_6)
FN:47,(anonymous_7)
FN:52,(anonymous_8)
FNF:8
FNH:8
FNDA:1,(anonymous_1)
FNDA:1,(anonymous_2)
FNDA:1,(anonymous_3)
FNDA:1,(anonymous_4)
FNDA:1,(anonymous_5)
FNDA:1,(anonymous_6)
FNDA:1,(anonymous_7)
FNDA:1,(anonymous_8)
DA:1,1
DA:2,1
DA:3,1
DA:4,1
DA:5,1
DA:6,1
DA:8,1
DA:9,1
DA:10,1
DA:11,1
DA:14,1
DA:16,0
DA:20,1
DA:21,1
DA:22,1
DA:26,1
DA:27,1
DA:35,1
DA:36,1
DA:37,1
DA:39,1
DA:40,1
DA:44,1
DA:45,1
DA:47,1
DA:48,1
DA:49,1
DA:50,1
DA:52,1
DA:53,1
DA:57,1
DA:58,1
LF:32
LH:31
BRF:0
BRH:0
end_of_record
TN:
SF:src/tests/blog.spec.ts
FN:10,(anonymous_1)
FN:11,(anonymous_2)
FN:23,(anonymous_3)
FN:24,(anonymous_4)
FN:31,(anonymous_5)
FN:38,(anonymous_6)
FN:45,(anonymous_7)
FN:53,(anonymous_8)
FN:84,(anonymous_9)
FNF:9
FNH:9
FNDA:1,(anonymous_1)
FNDA:1,(anonymous_2)
FNDA:1,(anonymous_3)
FNDA:1,(anonymous_4)
FNDA:1,(anonymous_5)
FNDA:1,(anonymous_6)
FNDA:1,(anonymous_7)
FNDA:1,(anonymous_8)
FNDA:1,(anonymous_9)
DA:1,1
DA:2,1
DA:3,1
DA:4,1
DA:5,1
DA:7,1
DA:8,1
DA:10,1
DA:11,1
DA:12,1
DA:17,1
DA:19,0
DA:23,1
DA:24,1
DA:25,1
DA:28,1
DA:29,1
DA:31,1
DA:32,1
DA:36,1
DA:38,1
DA:39,1
DA:40,1
DA:41,1
DA:45,1
DA:46,1
DA:50,1
DA:51,1
DA:53,1
DA:54,1
DA:61,1
DA:62,1
DA:66,1
DA:67,1
DA:84,1
DA:85,1
DA:88,1
DA:89,1
LF:38
LH:37
BRF:0
BRH:0
end_of_record
TN:
SF:src/tests/message.spec.ts
FN:8,(anonymous_1)
FN:9,(anonymous_2)
FN:20,(anonymous_3)
FNF:3
FNH:3
FNDA:1,(anonymous_1)
FNDA:1,(anonymous_2)
FNDA:1,(anonymous_3)
DA:1,1
DA:2,1
DA:3,1
DA:4,1
DA:5,1
DA:7,1
DA:8,1
DA:9,1
DA:10,1
DA:15,1
DA:17,0
DA:20,1
DA:21,1
DA:30,1
DA:31,1
LF:15
LH:14
BRF:0
BRH:0
end_of_record
TN:
SF:src/tests/user.spec.ts
FN:9,(anonymous_1)
FN:10,(anonymous_2)
FN:22,(anonymous_3)
FNF:3
FNH:3
FNDA:1,(anonymous_1)
FNDA:1,(anonymous_2)
FNDA:1,(anonymous_3)
DA:1,1
DA:2,1
DA:3,1
DA:4,1
DA:5,1
DA:8,1
DA:9,1
DA:10,1
DA:11,1
DA:16,1
DA:18,0
DA:21,1
DA:22,1
DA:23,1
DA:30,1
DA:31,1
DA:34,1
DA:35,1
DA:36,1
LF:19
LH:18
BRF:0
BRH:0
end_of_record
TN:
SF:src/validations/messageValidation.ts
FN:44,(anonymous_1)
FNF:1
FNH:1
FNDA:1,(anonymous_1)
DA:2,1
DA:4,1
DA:44,1
DA:49,1
DA:52,1
DA:53,0
DA:55,1
DA:58,1
LF:8
LH:7
BRDA:52,0,0,0
BRDA:52,0,1,1
BRF:2
BRH:1
end_of_record
